# JRE version: Java(TM) SE Runtime Environment (7.0_60-b19) (build 1.7.0_60-b19)
# Java VM: Java HotSpot(TM) 64-Bit Server VM (24.60-b09 mixed mode bsd-amd64 compressed oops)
Heap
 PSYoungGen      total 268800K, used 137261K [0x00000007eaa80000, 0x00000007ff580000, 0x0000000800000000)
  eden space 253952K, 48% used [0x00000007eaa80000,0x00000007f2255100,0x00000007fa280000)
  from space 14848K, 98% used [0x00000007fe700000,0x00000007ff5364a0,0x00000007ff580000)
  to   space 24064K, 0% used [0x00000007fc680000,0x00000007fc680000,0x00000007fde00000)
 ParOldGen       total 174592K, used 29674K [0x00000007c0000000, 0x00000007caa80000, 0x00000007eaa80000)
  object space 174592K, 16% used [0x00000007c0000000,0x00000007c1cfab18,0x00000007caa80000)
 PSPermGen       total 65536K, used 37267K [0x00000007b0000000, 0x00000007b4000000, 0x00000007c0000000)
  object space 65536K, 56% used [0x00000007b0000000,0x00000007b2464d50,0x00000007b4000000)
GC Heap History (10 events):
Event: 4.964 GC heap before
{Heap before GC invocations=5 (full 0):
 PSYoungGen      total 142848K, used 142832K [0x00000007eaa80000, 0x00000007f4080000, 0x0000000800000000)
  eden space 132096K, 100% used [0x00000007eaa80000,0x00000007f2b80000,0x00000007f2b80000)
  from space 10752K, 99% used [0x00000007f3600000,0x00000007f407c030,0x00000007f4080000)
  to   space 10752K, 0% used [0x00000007f2b80000,0x00000007f2b80000,0x00000007f3600000)
 ParOldGen       total 174592K, used 7192K [0x00000007c0000000, 0x00000007caa80000, 0x00000007eaa80000)
  object space 174592K, 4% used [0x00000007c0000000,0x00000007c07063e8,0x00000007caa80000)
 PSPermGen       total 31232K, used 31093K [0x00000007b0000000, 0x00000007b1e80000, 0x00000007c0000000)
  object space 31232K, 99% used [0x00000007b0000000,0x00000007b1e5d4b8,0x00000007b1e80000)
Event: 4.987 GC heap after
Heap after GC invocations=5 (full 0):
 PSYoungGen      total 142848K, used 10727K [0x00000007eaa80000, 0x00000007fdf80000, 0x0000000800000000)
  eden space 132096K, 0% used [0x00000007eaa80000,0x00000007eaa80000,0x00000007f2b80000)
  from space 10752K, 99% used [0x00000007f2b80000,0x00000007f35f9da8,0x00000007f3600000)
  to   space 26112K, 0% used [0x00000007fc600000,0x00000007fc600000,0x00000007fdf80000)
 ParOldGen       total 174592K, used 23129K [0x00000007c0000000, 0x00000007caa80000, 0x00000007eaa80000)
  object space 174592K, 13% used [0x00000007c0000000,0x00000007c1696408,0x00000007caa80000)
 PSPermGen       total 31232K, used 31093K [0x00000007b0000000, 0x00000007b1e80000, 0x00000007c0000000)
  object space 31232K, 99% used [0x00000007b0000000,0x00000007b1e5d4b8,0x00000007b1e80000)
}
Event: 5.902 GC heap before
{Heap before GC invocations=6 (full 0):
 PSYoungGen      total 142848K, used 74663K [0x00000007eaa80000, 0x00000007fdf80000, 0x0000000800000000)
  eden space 132096K, 48% used [0x00000007eaa80000,0x00000007ee8eff90,0x00000007f2b80000)
  from space 10752K, 99% used [0x00000007f2b80000,0x00000007f35f9da8,0x00000007f3600000)
  to   space 26112K, 0% used [0x00000007fc600000,0x00000007fc600000,0x00000007fdf80000)
 ParOldGen       total 174592K, used 23129K [0x00000007c0000000, 0x00000007caa80000, 0x00000007eaa80000)
  object space 174592K, 13% used [0x00000007c0000000,0x00000007c1696408,0x00000007caa80000)
 PSPermGen       total 33280K, used 33174K [0x00000007b0000000, 0x00000007b2080000, 0x00000007c0000000)
  object space 33280K, 99% used [0x00000007b0000000,0x00000007b2065bd8,0x00000007b2080000)
Event: 5.929 GC heap after
Heap after GC invocations=6 (full 0):
 PSYoungGen      total 289280K, used 17127K [0x00000007eaa80000, 0x00000007fde80000, 0x0000000800000000)
  eden space 264192K, 0% used [0x00000007eaa80000,0x00000007eaa80000,0x00000007fac80000)
  from space 25088K, 68% used [0x00000007fc600000,0x00000007fd6b9e30,0x00000007fde80000)
  to   space 25600K, 0% used [0x00000007fac80000,0x00000007fac80000,0x00000007fc580000)
 ParOldGen       total 174592K, used 23129K [0x00000007c0000000, 0x00000007caa80000, 0x00000007eaa80000)
  object space 174592K, 13% used [0x00000007c0000000,0x00000007c1696408,0x00000007caa80000)
 PSPermGen       total 33280K, used 33174K [0x00000007b0000000, 0x00000007b2080000, 0x00000007c0000000)
  object space 33280K, 99% used [0x00000007b0000000,0x00000007b2065bd8,0x00000007b2080000)
}
Event: 5.929 GC heap before
{Heap before GC invocations=7 (full 1):
 PSYoungGen      total 289280K, used 17127K [0x00000007eaa80000, 0x00000007fde80000, 0x0000000800000000)
  eden space 264192K, 0% used [0x00000007eaa80000,0x00000007eaa80000,0x00000007fac80000)
  from space 25088K, 68% used [0x00000007fc600000,0x00000007fd6b9e30,0x00000007fde80000)
  to   space 25600K, 0% used [0x00000007fac80000,0x00000007fac80000,0x00000007fc580000)
 ParOldGen       total 174592K, used 23129K [0x00000007c0000000, 0x00000007caa80000, 0x00000007eaa80000)
  object space 174592K, 13% used [0x00000007c0000000,0x00000007c1696408,0x00000007caa80000)
 PSPermGen       total 33280K, used 33174K [0x00000007b0000000, 0x00000007b2080000, 0x00000007c0000000)
  object space 33280K, 99% used [0x00000007b0000000,0x00000007b2065bd8,0x00000007b2080000)
Event: 6.122 GC heap after
Heap after GC invocations=7 (full 1):
 PSYoungGen      total 289280K, used 0K [0x00000007eaa80000, 0x00000007fde80000, 0x0000000800000000)
  eden space 264192K, 0% used [0x00000007eaa80000,0x00000007eaa80000,0x00000007fac80000)
  from space 25088K, 0% used [0x00000007fc600000,0x00000007fc600000,0x00000007fde80000)
  to   space 25600K, 0% used [0x00000007fac80000,0x00000007fac80000,0x00000007fc580000)
 ParOldGen       total 174592K, used 29674K [0x00000007c0000000, 0x00000007caa80000, 0x00000007eaa80000)
  object space 174592K, 16% used [0x00000007c0000000,0x00000007c1cfab18,0x00000007caa80000)
 PSPermGen       total 65536K, used 32101K [0x00000007b0000000, 0x00000007b4000000, 0x00000007c0000000)
  object space 65536K, 48% used [0x00000007b0000000,0x00000007b1f59688,0x00000007b4000000)
}
Event: 78.141 GC heap before
{Heap before GC invocations=8 (full 1):
 PSYoungGen      total 289280K, used 264192K [0x00000007eaa80000, 0x00000007fde80000, 0x0000000800000000)
  eden space 264192K, 100% used [0x00000007eaa80000,0x00000007fac80000,0x00000007fac80000)
  from space 25088K, 0% used [0x00000007fc600000,0x00000007fc600000,0x00000007fde80000)
  to   space 25600K, 0% used [0x00000007fac80000,0x00000007fac80000,0x00000007fc580000)
 ParOldGen       total 174592K, used 29674K [0x00000007c0000000, 0x00000007caa80000, 0x00000007eaa80000)
  object space 174592K, 16% used [0x00000007c0000000,0x00000007c1cfab18,0x00000007caa80000)
 PSPermGen       total 65536K, used 35008K [0x00000007b0000000, 0x00000007b4000000, 0x00000007c0000000)
  object space 65536K, 53% used [0x00000007b0000000,0x00000007b2230008,0x00000007b4000000)
Event: 78.153 GC heap after
Heap after GC invocations=8 (full 1):
 PSYoungGen      total 289792K, used 10036K [0x00000007eaa80000, 0x00000007fff80000, 0x0000000800000000)
  eden space 264192K, 0% used [0x00000007eaa80000,0x00000007eaa80000,0x00000007fac80000)
  from space 25600K, 39% used [0x00000007fac80000,0x00000007fb64d010,0x00000007fc580000)
  to   space 25088K, 0% used [0x00000007fe700000,0x00000007fe700000,0x00000007fff80000)
 ParOldGen       total 174592K, used 29674K [0x00000007c0000000, 0x00000007caa80000, 0x00000007eaa80000)
  object space 174592K, 16% used [0x00000007c0000000,0x00000007c1cfab18,0x00000007caa80000)
 PSPermGen       total 65536K, used 35008K [0x00000007b0000000, 0x00000007b4000000, 0x00000007c0000000)
  object space 65536K, 53% used [0x00000007b0000000,0x00000007b2230008,0x00000007b4000000)
}
Event: 93.281 GC heap before
{Heap before GC invocations=9 (full 1):
 PSYoungGen      total 289792K, used 274228K [0x00000007eaa80000, 0x00000007fff80000, 0x0000000800000000)
  eden space 264192K, 100% used [0x00000007eaa80000,0x00000007fac80000,0x00000007fac80000)
  from space 25600K, 39% used [0x00000007fac80000,0x00000007fb64d010,0x00000007fc580000)
  to   space 25088K, 0% used [0x00000007fe700000,0x00000007fe700000,0x00000007fff80000)
 ParOldGen       total 174592K, used 29674K [0x00000007c0000000, 0x00000007caa80000, 0x00000007eaa80000)
  object space 174592K, 16% used [0x00000007c0000000,0x00000007c1cfab18,0x00000007caa80000)
 PSPermGen       total 65536K, used 36425K [0x00000007b0000000, 0x00000007b4000000, 0x00000007c0000000)
  object space 65536K, 55% used [0x00000007b0000000,0x00000007b23926c8,0x00000007b4000000)
Event: 93.297 GC heap after
Heap after GC invocations=9 (full 1):
 PSYoungGen      total 268800K, used 14553K [0x00000007eaa80000, 0x00000007ff580000, 0x0000000800000000)
  eden space 253952K, 0% used [0x00000007eaa80000,0x00000007eaa80000,0x00000007fa280000)
  from space 14848K, 98% used [0x00000007fe700000,0x00000007ff5364a0,0x00000007ff580000)
  to   space 24064K, 0% used [0x00000007fc680000,0x00000007fc680000,0x00000007fde00000)
 ParOldGen       total 174592K, used 29674K [0x00000007c0000000, 0x00000007caa80000, 0x00000007eaa80000)
  object space 174592K, 16% used [0x00000007c0000000,0x00000007c1cfab18,0x00000007caa80000)
 PSPermGen       total 65536K, used 36425K [0x00000007b0000000, 0x00000007b4000000, 0x00000007c0000000)
  object space 65536K, 55% used [0x00000007b0000000,0x00000007b23926c8,0x00000007b4000000)
}

