# JRE version: Java(TM) SE Runtime Environment (7.0_60-b19) (build 1.7.0_60-b19)
# Java VM: Java HotSpot(TM) 64-Bit Server VM (24.60-b09 mixed mode bsd-amd64 compressed oops)
Heap
 PSYoungGen      total 258560K, used 156340K [0x00000007eaa80000, 0x0000000800000000, 0x0000000800000000)
  eden space 247808K, 58% used [0x00000007eaa80000,0x00000007f38af880,0x00000007f9c80000)
  from space 10752K, 99% used [0x00000007fb700000,0x00000007fc17d8e8,0x00000007fc180000)
  to   space 27136K, 0% used [0x00000007f9c80000,0x00000007f9c80000,0x00000007fb700000)
 ParOldGen       total 174592K, used 30785K [0x00000007c0000000, 0x00000007caa80000, 0x00000007eaa80000)
  object space 174592K, 17% used [0x00000007c0000000,0x00000007c1e10508,0x00000007caa80000)
 PSPermGen       total 65536K, used 34626K [0x00000007b0000000, 0x00000007b4000000, 0x00000007c0000000)
  object space 65536K, 52% used [0x00000007b0000000,0x00000007b21d0820,0x00000007b4000000)
GC Heap History (10 events):
Event: 2.986 GC heap before
{Heap before GC invocations=3 (full 0):
 PSYoungGen      total 142848K, used 142820K [0x00000007eaa80000, 0x00000007f4080000, 0x0000000800000000)
  eden space 132096K, 100% used [0x00000007eaa80000,0x00000007f2b80000,0x00000007f2b80000)
  from space 10752K, 99% used [0x00000007f3600000,0x00000007f40790f0,0x00000007f4080000)
  to   space 10752K, 0% used [0x00000007f2b80000,0x00000007f2b80000,0x00000007f3600000)
 ParOldGen       total 174592K, used 1429K [0x00000007c0000000, 0x00000007caa80000, 0x00000007eaa80000)
  object space 174592K, 0% used [0x00000007c0000000,0x00000007c0165510,0x00000007caa80000)
 PSPermGen       total 25088K, used 25060K [0x00000007b0000000, 0x00000007b1880000, 0x00000007c0000000)
  object space 25088K, 99% used [0x00000007b0000000,0x00000007b18793f8,0x00000007b1880000)
Event: 3.005 GC heap after
Heap after GC invocations=3 (full 0):
 PSYoungGen      total 142848K, used 10736K [0x00000007eaa80000, 0x00000007fc180000, 0x0000000800000000)
  eden space 132096K, 0% used [0x00000007eaa80000,0x00000007eaa80000,0x00000007f2b80000)
  from space 10752K, 99% used [0x00000007f2b80000,0x00000007f35fc030,0x00000007f3600000)
  to   space 10752K, 0% used [0x00000007fb700000,0x00000007fb700000,0x00000007fc180000)
 ParOldGen       total 174592K, used 7855K [0x00000007c0000000, 0x00000007caa80000, 0x00000007eaa80000)
  object space 174592K, 4% used [0x00000007c0000000,0x00000007c07abca0,0x00000007caa80000)
 PSPermGen       total 25088K, used 25060K [0x00000007b0000000, 0x00000007b1880000, 0x00000007c0000000)
  object space 25088K, 99% used [0x00000007b0000000,0x00000007b18793f8,0x00000007b1880000)
}
Event: 4.945 GC heap before
{Heap before GC invocations=4 (full 0):
 PSYoungGen      total 142848K, used 142832K [0x00000007eaa80000, 0x00000007fc180000, 0x0000000800000000)
  eden space 132096K, 100% used [0x00000007eaa80000,0x00000007f2b80000,0x00000007f2b80000)
  from space 10752K, 99% used [0x00000007f2b80000,0x00000007f35fc030,0x00000007f3600000)
  to   space 10752K, 0% used [0x00000007fb700000,0x00000007fb700000,0x00000007fc180000)
 ParOldGen       total 174592K, used 7855K [0x00000007c0000000, 0x00000007caa80000, 0x00000007eaa80000)
  object space 174592K, 4% used [0x00000007c0000000,0x00000007c07abca0,0x00000007caa80000)
 PSPermGen       total 31232K, used 31105K [0x00000007b0000000, 0x00000007b1e80000, 0x00000007c0000000)
  object space 31232K, 99% used [0x00000007b0000000,0x00000007b1e607e8,0x00000007b1e80000)
Event: 4.971 GC heap after
Heap after GC invocations=4 (full 0):
 PSYoungGen      total 274944K, used 10720K [0x00000007eaa80000, 0x00000007fc180000, 0x0000000800000000)
  eden space 264192K, 0% used [0x00000007eaa80000,0x00000007eaa80000,0x00000007fac80000)
  from space 10752K, 99% used [0x00000007fb700000,0x00000007fc178020,0x00000007fc180000)
  to   space 10752K, 0% used [0x00000007fac80000,0x00000007fac80000,0x00000007fb700000)
 ParOldGen       total 174592K, used 23866K [0x00000007c0000000, 0x00000007caa80000, 0x00000007eaa80000)
  object space 174592K, 13% used [0x00000007c0000000,0x00000007c174e9c0,0x00000007caa80000)
 PSPermGen       total 31232K, used 31105K [0x00000007b0000000, 0x00000007b1e80000, 0x00000007c0000000)
  object space 31232K, 99% used [0x00000007b0000000,0x00000007b1e607e8,0x00000007b1e80000)
}
Event: 6.259 GC heap before
{Heap before GC invocations=5 (full 0):
 PSYoungGen      total 274944K, used 106082K [0x00000007eaa80000, 0x00000007fc180000, 0x0000000800000000)
  eden space 264192K, 36% used [0x00000007eaa80000,0x00000007f07a0b10,0x00000007fac80000)
  from space 10752K, 99% used [0x00000007fb700000,0x00000007fc178020,0x00000007fc180000)
  to   space 10752K, 0% used [0x00000007fac80000,0x00000007fac80000,0x00000007fb700000)
 ParOldGen       total 174592K, used 23866K [0x00000007c0000000, 0x00000007caa80000, 0x00000007eaa80000)
  object space 174592K, 13% used [0x00000007c0000000,0x00000007c174e9c0,0x00000007caa80000)
 PSPermGen       total 33792K, used 33366K [0x00000007b0000000, 0x00000007b2100000, 0x00000007c0000000)
  object space 33792K, 98% used [0x00000007b0000000,0x00000007b2095b50,0x00000007b2100000)
Event: 6.278 GC heap after
Heap after GC invocations=5 (full 0):
 PSYoungGen      total 274944K, used 10720K [0x00000007eaa80000, 0x00000007fc180000, 0x0000000800000000)
  eden space 264192K, 0% used [0x00000007eaa80000,0x00000007eaa80000,0x00000007fac80000)
  from space 10752K, 99% used [0x00000007fac80000,0x00000007fb6f8020,0x00000007fb700000)
  to   space 10752K, 0% used [0x00000007fb700000,0x00000007fb700000,0x00000007fc180000)
 ParOldGen       total 174592K, used 30678K [0x00000007c0000000, 0x00000007caa80000, 0x00000007eaa80000)
  object space 174592K, 17% used [0x00000007c0000000,0x00000007c1df5838,0x00000007caa80000)
 PSPermGen       total 33792K, used 33366K [0x00000007b0000000, 0x00000007b2100000, 0x00000007c0000000)
  object space 33792K, 98% used [0x00000007b0000000,0x00000007b2095b50,0x00000007b2100000)
}
Event: 6.278 GC heap before
{Heap before GC invocations=6 (full 1):
 PSYoungGen      total 274944K, used 10720K [0x00000007eaa80000, 0x00000007fc180000, 0x0000000800000000)
  eden space 264192K, 0% used [0x00000007eaa80000,0x00000007eaa80000,0x00000007fac80000)
  from space 10752K, 99% used [0x00000007fac80000,0x00000007fb6f8020,0x00000007fb700000)
  to   space 10752K, 0% used [0x00000007fb700000,0x00000007fb700000,0x00000007fc180000)
 ParOldGen       total 174592K, used 30678K [0x00000007c0000000, 0x00000007caa80000, 0x00000007eaa80000)
  object space 174592K, 17% used [0x00000007c0000000,0x00000007c1df5838,0x00000007caa80000)
 PSPermGen       total 33792K, used 33366K [0x00000007b0000000, 0x00000007b2100000, 0x00000007c0000000)
  object space 33792K, 98% used [0x00000007b0000000,0x00000007b2095b50,0x00000007b2100000)
Event: 6.439 GC heap after
Heap after GC invocations=6 (full 1):
 PSYoungGen      total 274944K, used 0K [0x00000007eaa80000, 0x00000007fc180000, 0x0000000800000000)
  eden space 264192K, 0% used [0x00000007eaa80000,0x00000007eaa80000,0x00000007fac80000)
  from space 10752K, 0% used [0x00000007fac80000,0x00000007fac80000,0x00000007fb700000)
  to   space 10752K, 0% used [0x00000007fb700000,0x00000007fb700000,0x00000007fc180000)
 ParOldGen       total 174592K, used 30093K [0x00000007c0000000, 0x00000007caa80000, 0x00000007eaa80000)
  object space 174592K, 17% used [0x00000007c0000000,0x00000007c1d63690,0x00000007caa80000)
 PSPermGen       total 65536K, used 32166K [0x00000007b0000000, 0x00000007b4000000, 0x00000007c0000000)
  object space 65536K, 49% used [0x00000007b0000000,0x00000007b1f69af8,0x00000007b4000000)
}
Event: 48.644 GC heap before
{Heap before GC invocations=7 (full 1):
 PSYoungGen      total 274944K, used 264192K [0x00000007eaa80000, 0x00000007fc180000, 0x0000000800000000)
  eden space 264192K, 100% used [0x00000007eaa80000,0x00000007fac80000,0x00000007fac80000)
  from space 10752K, 0% used [0x00000007fac80000,0x00000007fac80000,0x00000007fb700000)
  to   space 10752K, 0% used [0x00000007fb700000,0x00000007fb700000,0x00000007fc180000)
 ParOldGen       total 174592K, used 30093K [0x00000007c0000000, 0x00000007caa80000, 0x00000007eaa80000)
  object space 174592K, 17% used [0x00000007c0000000,0x00000007c1d63690,0x00000007caa80000)
 PSPermGen       total 65536K, used 33683K [0x00000007b0000000, 0x00000007b4000000, 0x00000007c0000000)
  object space 65536K, 51% used [0x00000007b0000000,0x00000007b20e4dc8,0x00000007b4000000)
Event: 48.656 GC heap after
Heap after GC invocations=7 (full 1):
 PSYoungGen      total 258560K, used 10742K [0x00000007eaa80000, 0x0000000800000000, 0x0000000800000000)
  eden space 247808K, 0% used [0x00000007eaa80000,0x00000007eaa80000,0x00000007f9c80000)
  from space 10752K, 99% used [0x00000007fb700000,0x00000007fc17d8e8,0x00000007fc180000)
  to   space 27136K, 0% used [0x00000007f9c80000,0x00000007f9c80000,0x00000007fb700000)
 ParOldGen       total 174592K, used 30785K [0x00000007c0000000, 0x00000007caa80000, 0x00000007eaa80000)
  object space 174592K, 17% used [0x00000007c0000000,0x00000007c1e10508,0x00000007caa80000)
 PSPermGen       total 65536K, used 33683K [0x00000007b0000000, 0x00000007b4000000, 0x00000007c0000000)
  object space 65536K, 51% used [0x00000007b0000000,0x00000007b20e4dc8,0x00000007b4000000)
}

